Base path: C:/Program Files/Unity/Editor/Data
Cmd: getPlatforms
Cmd: preprocess
  insize=219 outsize=219 ok=1
Cmd: preprocess
  insize=2822 outsize=863 ok=1
Cmd: preprocess
  insize=1610 outsize=492 ok=1
Cmd: preprocess
  insize=2957 outsize=921 ok=1
Cmd: preprocess
  insize=2801 outsize=459 ok=1
Cmd: preprocess
  insize=2057 outsize=919 ok=1
Cmd: preprocess
  insize=2435 outsize=459 ok=1
Cmd: preprocess
  insize=480 outsize=480 ok=1
Cmd: preprocess
  insize=2924 outsize=516 ok=1
Cmd: preprocess
  insize=2557 outsize=516 ok=1
Cmd: preprocess
  insize=1848 outsize=560 ok=1
Cmd: preprocess
  insize=1942 outsize=857 ok=1
Cmd: preprocess
  insize=1542 outsize=626 ok=1
Cmd: preprocess
  insize=3208 outsize=883 ok=1
Cmd: preprocess
  insize=1702 outsize=908 ok=1
Cmd: preprocess
  insize=2034 outsize=513 ok=1
Cmd: preprocess
  insize=1899 outsize=457 ok=1
Cmd: preprocess
  insize=3042 outsize=1918 ok=1
Cmd: preprocess
  insize=2590 outsize=919 ok=1
Cmd: preprocess
  insize=2270 outsize=843 ok=1
Cmd: preprocess
  insize=2513 outsize=494 ok=1
Cmd: preprocess
  insize=435 outsize=435 ok=1
Cmd: preprocess
  insize=1474 outsize=477 ok=1
Cmd: preprocess
  insize=1934 outsize=870 ok=1
Cmd: preprocess
  insize=5950 outsize=3541 ok=1
Cmd: preprocess
  insize=1970 outsize=896 ok=1
Cmd: preprocess
  insize=2361 outsize=2421 ok=1
Cmd: preprocess
  insize=1759 outsize=469 ok=1
Cmd: preprocess
  insize=1271 outsize=483 ok=1
Cmd: preprocess
  insize=2146 outsize=492 ok=1
Cmd: preprocess
  insize=1668 outsize=896 ok=1
Cmd: compileSnippet
  api=4 type=0 insize=1023 outsize=2906 kw=DIRECTIONAL _EMISSION VERTEXLIGHT_ON _NORMALMAP _METALLICGLOSSMAP _SMOOTHNESS_TEXTURE_ALBEDO_CHANNEL_A pd=UNITY_NO_SCREENSPACE_SHADOWS UNITY_ENABLE_REFLECTION_BUFFERS UNITY_PBS_USE_BRDF2 SHADER_API_DESKTOP UNITY_HARDWARE_TIER3 UNITY_COLORSPACE_GAMMA ok=1
